#
# There is insufficient memory for the Java Runtime Environment to continue.
# Native memory allocation (malloc) failed to allocate 1669024 bytes. Error detail: Chunk::new
# Possible reasons:
#   The system is out of physical RAM or swap space
#   This process is running with CompressedOops enabled, and the Java Heap may be blocking the growth of the native heap
# Possible solutions:
#   Reduce memory load on the system
#   Increase physical memory or swap space
#   Check if swap backing store is full
#   Decrease Java heap size (-Xmx/-Xms)
#   Decrease number of Java threads
#   Decrease Java thread stack sizes (-Xss)
#   Set larger code cache with -XX:ReservedCodeCacheSize=
#   JVM is running with Zero Based Compressed Oops mode in which the Java heap is
#     placed in the first 32GB address space. The Java Heap base address is the
#     maximum limit for the native heap growth. Please use -XX:HeapBaseMinAddress
#     to set the Java Heap base and to place the Java Heap above 32GB virtual address.
# This output file may be truncated or incomplete.
#
#  Out of Memory Error (arena.cpp:191), pid=5956, tid=34516
#
# JRE version: OpenJDK Runtime Environment JBR-17.0.14+1-1367.22-nomod (17.0.14+1) (build 17.0.14+1-b1367.22)
# Java VM: OpenJDK 64-Bit Server VM JBR-17.0.14+1-1367.22-nomod (17.0.14+1-b1367.22, mixed mode, sharing, tiered, compressed oops, compressed class ptrs, g1 gc, windows-amd64)
# No core dump will be written. Minidumps are not enabled by default on client versions of Windows
#

---------------  S U M M A R Y ------------

Command Line: -Dclassworlds.conf=C:\Program Files\JetBrains\IntelliJ IDEA 2025.2.1\plugins\maven\lib\maven3\bin\m2.conf -Dmaven.home=C:\Program Files\JetBrains\IntelliJ IDEA 2025.2.1\plugins\maven\lib\maven3 -Dlibrary.jansi.path=C:\Program Files\JetBrains\IntelliJ IDEA 2025.2.1\plugins\maven\lib\maven3\lib\jansi-native -Dmaven.multiModuleProjectDirectory=C:\Users\asmaa\IdeaProjects\PortefeuilleIntelligent org.codehaus.plexus.classworlds.launcher.Launcher -Didea.version=2025.2.1 -Dmaven.ext.class.path=C:\Program Files\JetBrains\IntelliJ IDEA 2025.2.1\plugins\maven\lib\maven-event-listener.jar -Djansi.passthrough=true -Dstyle.color=always -Dmaven.repo.local=C:\Users\asmaa\.m2\repository org.openjfx:javafx-maven-plugin:0.0.8:run -f pom.xml

Host: 12th Gen Intel(R) Core(TM) i7-12700H, 20 cores, 23G,  Windows 11 , 64 bit Build 26100 (10.0.26100.7623)
Time: Thu Feb 12 22:40:37 2026 Afr. centrale Ouest elapsed time: 2.219212 seconds (0d 0h 0m 2s)

---------------  T H R E A D  ---------------

Current thread (0x00000204aad83a40):  JavaThread "C2 CompilerThread4" daemon [_thread_in_native, id=34516, stack(0x000000fe88000000,0x000000fe88100000)]


Current CompileTask:
C2:   2219 4696   !   4       com.google.inject.spi.InjectionPoint::getInjectionPoints (491 bytes)

Stack: [0x000000fe88000000,0x000000fe88100000]
Native frames: (J=compiled Java code, j=interpreted, Vv=VM code, C=native code)
V  [jvm.dll+0x68b969]
V  [jvm.dll+0x84572a]
V  [jvm.dll+0x8473ae]
V  [jvm.dll+0x847a13]
V  [jvm.dll+0x24a83f]
V  [jvm.dll+0xaca04]
V  [jvm.dll+0xad04c]
V  [jvm.dll+0x36af67]
V  [jvm.dll+0x1be3b6]
V  [jvm.dll+0x21c389]
V  [jvm.dll+0x21b671]
V  [jvm.dll+0x1a6acd]
V  [jvm.dll+0x22b58e]
V  [jvm.dll+0x2296d5]
V  [jvm.dll+0x7f9637]
V  [jvm.dll+0x7f3a1c]
V  [jvm.dll+0x68a7c7]
C  [ucrtbase.dll+0x37b0]
C  [KERNEL32.DLL+0x2e8d7]
C  [ntdll.dll+0x8c53c]


---------------  P R O C E S S  ---------------

Threads class SMR info:
_java_thread_list=0x00000204f0cef5a0, length=21, elements={
0x0000020483d1b280, 0x00000204a70234a0, 0x00000204a7023f70, 0x00000204a703a4a0,
0x00000204a703cd80, 0x00000204a703e660, 0x00000204a703ef30, 0x00000204a7042150,
0x00000204a7052b20, 0x00000204a7053430, 0x00000204aa17ce80, 0x00000204aa25cd70,
0x00000204aa26cd50, 0x00000204aa28ff70, 0x00000204aad6a2c0, 0x00000204aaad1210,
0x00000204aad82bf0, 0x00000204aad83520, 0x00000204aad83a40, 0x00000204f08c6550,
0x00000204f149d500
}

Java Threads: ( => current thread )
  0x0000020483d1b280 JavaThread "main" [_thread_in_native, id=30388, stack(0x000000fe85f00000,0x000000fe86000000)]
  0x00000204a70234a0 JavaThread "Reference Handler" daemon [_thread_blocked, id=28092, stack(0x000000fe86600000,0x000000fe86700000)]
  0x00000204a7023f70 JavaThread "Finalizer" daemon [_thread_blocked, id=26920, stack(0x000000fe86700000,0x000000fe86800000)]
  0x00000204a703a4a0 JavaThread "Signal Dispatcher" daemon [_thread_blocked, id=20080, stack(0x000000fe86800000,0x000000fe86900000)]
  0x00000204a703cd80 JavaThread "Attach Listener" daemon [_thread_blocked, id=21008, stack(0x000000fe86900000,0x000000fe86a00000)]
  0x00000204a703e660 JavaThread "Service Thread" daemon [_thread_blocked, id=32872, stack(0x000000fe86a00000,0x000000fe86b00000)]
  0x00000204a703ef30 JavaThread "Monitor Deflation Thread" daemon [_thread_blocked, id=31484, stack(0x000000fe86b00000,0x000000fe86c00000)]
  0x00000204a7042150 JavaThread "C2 CompilerThread0" daemon [_thread_blocked, id=13136, stack(0x000000fe86c00000,0x000000fe86d00000)]
  0x00000204a7052b20 JavaThread "C1 CompilerThread0" daemon [_thread_blocked, id=10244, stack(0x000000fe86d00000,0x000000fe86e00000)]
  0x00000204a7053430 JavaThread "Sweeper thread" daemon [_thread_blocked, id=2204, stack(0x000000fe86e00000,0x000000fe86f00000)]
  0x00000204aa17ce80 JavaThread "C1 CompilerThread1" daemon [_thread_blocked, id=32312, stack(0x000000fe86f00000,0x000000fe87000000)]
  0x00000204aa25cd70 JavaThread "Notification Thread" daemon [_thread_blocked, id=22536, stack(0x000000fe87000000,0x000000fe87100000)]
  0x00000204aa26cd50 JavaThread "Common-Cleaner" daemon [_thread_blocked, id=27516, stack(0x000000fe87200000,0x000000fe87300000)]
  0x00000204aa28ff70 JavaThread "C2 CompilerThread1" daemon [_thread_blocked, id=34268, stack(0x000000fe87300000,0x000000fe87400000)]
  0x00000204aad6a2c0 JavaThread "C1 CompilerThread2" daemon [_thread_blocked, id=32412, stack(0x000000fe87400000,0x000000fe87500000)]
  0x00000204aaad1210 JavaThread "C1 CompilerThread3" daemon [_thread_blocked, id=27660, stack(0x000000fe87500000,0x000000fe87600000)]
  0x00000204aad82bf0 JavaThread "C2 CompilerThread2" daemon [_thread_blocked, id=26880, stack(0x000000fe87e00000,0x000000fe87f00000)]
  0x00000204aad83520 JavaThread "C2 CompilerThread3" daemon [_thread_blocked, id=35576, stack(0x000000fe87f00000,0x000000fe88000000)]
=>0x00000204aad83a40 JavaThread "C2 CompilerThread4" daemon [_thread_in_native, id=34516, stack(0x000000fe88000000,0x000000fe88100000)]
  0x00000204f08c6550 JavaThread "Thread-1" daemon [_thread_blocked, id=17264, stack(0x000000fe88200000,0x000000fe88300000)]
  0x00000204f149d500 JavaThread "Exec Input Stream Pumper" daemon [_thread_blocked, id=6208, stack(0x000000fe88900000,0x000000fe88a00000)]

Other Threads:
  0x00000204a701f8c0 VMThread "VM Thread" [stack: 0x000000fe86500000,0x000000fe86600000] [id=25220]
  0x00000204aa25f260 WatcherThread [stack: 0x000000fe87100000,0x000000fe87200000] [id=20664]
  0x0000020483da63a0 GCTaskThread "GC Thread#0" [stack: 0x000000fe86000000,0x000000fe86100000] [id=8012]
  0x00000204aa2e7180 GCTaskThread "GC Thread#1" [stack: 0x000000fe87600000,0x000000fe87700000] [id=31404]
  0x00000204aae756d0 GCTaskThread "GC Thread#2" [stack: 0x000000fe87700000,0x000000fe87800000] [id=20508]
  0x00000204aae75990 GCTaskThread "GC Thread#3" [stack: 0x000000fe87800000,0x000000fe87900000] [id=34104]
  0x00000204aae75c50 GCTaskThread "GC Thread#4" [stack: 0x000000fe87900000,0x000000fe87a00000] [id=13108]
  0x00000204f0076820 GCTaskThread "GC Thread#5" [stack: 0x000000fe87a00000,0x000000fe87b00000] [id=30136]
  0x00000204f0076ae0 GCTaskThread "GC Thread#6" [stack: 0x000000fe87b00000,0x000000fe87c00000] [id=29212]
  0x00000204f00fde10 GCTaskThread "GC Thread#7" [stack: 0x000000fe87c00000,0x000000fe87d00000] [id=4384]
  0x00000204f00fe390 GCTaskThread "GC Thread#8" [stack: 0x000000fe87d00000,0x000000fe87e00000] [id=15160]
  0x00000204f00fdb50 GCTaskThread "GC Thread#9" [stack: 0x000000fe88300000,0x000000fe88400000] [id=5908]
  0x00000204f00fd5d0 GCTaskThread "GC Thread#10" [stack: 0x000000fe88400000,0x000000fe88500000] [id=5528]
  0x00000204f00fe910 GCTaskThread "GC Thread#11" [stack: 0x000000fe88500000,0x000000fe88600000] [id=21300]
  0x00000204f00febd0 GCTaskThread "GC Thread#12" [stack: 0x000000fe88600000,0x000000fe88700000] [id=20636]
  0x00000204f00fe0d0 GCTaskThread "GC Thread#13" [stack: 0x000000fe88700000,0x000000fe88800000] [id=21368]
  0x0000020483db1d00 ConcurrentGCThread "G1 Main Marker" [stack: 0x000000fe86100000,0x000000fe86200000] [id=30204]
  0x00000204a6ea0090 ConcurrentGCThread "G1 Conc#0" [stack: 0x000000fe86200000,0x000000fe86300000] [id=13736]
  0x00000204a6f5f490 ConcurrentGCThread "G1 Refine#0" [stack: 0x000000fe86300000,0x000000fe86400000] [id=3552]
  0x00000204a6f5fcd0 ConcurrentGCThread "G1 Service" [stack: 0x000000fe86400000,0x000000fe86500000] [id=8764]

Threads with active compile tasks:
C2 CompilerThread4     2259 4696   !   4       com.google.inject.spi.InjectionPoint::getInjectionPoints (491 bytes)

VM state: not at safepoint (normal execution)

VM Mutex/Monitor currently owned by a thread: None

Heap address: 0x0000000685000000, size: 6064 MB, Compressed Oops mode: Zero based, Oop shift amount: 3

CDS archive(s) mapped at: [0x00000204ab000000-0x00000204abc00000-0x00000204abc00000), size 12582912, SharedBaseAddress: 0x00000204ab000000, ArchiveRelocationMode: 1.
Compressed class space mapped at: 0x00000204ac000000-0x00000204ec000000, reserved size: 1073741824
Narrow klass base: 0x00000204ab000000, Narrow klass shift: 0, Narrow klass range: 0x100000000

GC Precious Log:
 CPUs: 20 total, 20 available
 Memory: 24243M
 Large Page Support: Disabled
 NUMA Support: Disabled
 Compressed Oops: Enabled (Zero based)
 Heap Region Size: 4M
 Heap Min Capacity: 8M
 Heap Initial Capacity: 380M
 Heap Max Capacity: 6064M
 Pre-touch: Disabled
 Parallel Workers: 15
 Concurrent Workers: 4
 Concurrent Refinement Workers: 15
 Periodic GC: Disabled

Heap:
 garbage-first heap   total 389120K, used 78300K [0x0000000685000000, 0x0000000800000000)
  region size 4096K, 20 young (81920K), 2 survivors (8192K)
 Metaspace       used 19858K, committed 20160K, reserved 1114112K
  class space    used 2423K, committed 2560K, reserved 1048576K

Heap Regions: E=young(eden), S=young(survivor), O=old, HS=humongous(starts), HC=humongous(continues), CS=collection set, F=free, OA=open archive, CA=closed archive, TAMS=top-at-mark-start (previous, next)
|   0|0x0000000685000000, 0x0000000685355e00, 0x0000000685400000| 83%| O|  |TAMS 0x0000000685000000, 0x0000000685000000| Untracked 
|   1|0x0000000685400000, 0x0000000685400000, 0x0000000685800000|  0%| F|  |TAMS 0x0000000685400000, 0x0000000685400000| Untracked 
|   2|0x0000000685800000, 0x0000000685800000, 0x0000000685c00000|  0%| F|  |TAMS 0x0000000685800000, 0x0000000685800000| Untracked 
|   3|0x0000000685c00000, 0x0000000685c00000, 0x0000000686000000|  0%| F|  |TAMS 0x0000000685c00000, 0x0000000685c00000| Untracked 
|   4|0x0000000686000000, 0x0000000686000000, 0x0000000686400000|  0%| F|  |TAMS 0x0000000686000000, 0x0000000686000000| Untracked 
|   5|0x0000000686400000, 0x0000000686400000, 0x0000000686800000|  0%| F|  |TAMS 0x0000000686400000, 0x0000000686400000| Untracked 
|   6|0x0000000686800000, 0x0000000686800000, 0x0000000686c00000|  0%| F|  |TAMS 0x0000000686800000, 0x0000000686800000| Untracked 
|   7|0x0000000686c00000, 0x0000000686c00000, 0x0000000687000000|  0%| F|  |TAMS 0x0000000686c00000, 0x0000000686c00000| Untracked 
|   8|0x0000000687000000, 0x0000000687000000, 0x0000000687400000|  0%| F|  |TAMS 0x0000000687000000, 0x0000000687000000| Untracked 
|   9|0x0000000687400000, 0x0000000687400000, 0x0000000687800000|  0%| F|  |TAMS 0x0000000687400000, 0x0000000687400000| Untracked 
|  10|0x0000000687800000, 0x0000000687800000, 0x0000000687c00000|  0%| F|  |TAMS 0x0000000687800000, 0x0000000687800000| Untracked 
|  11|0x0000000687c00000, 0x0000000687c00000, 0x0000000688000000|  0%| F|  |TAMS 0x0000000687c00000, 0x0000000687c00000| Untracked 
|  12|0x0000000688000000, 0x0000000688000000, 0x0000000688400000|  0%| F|  |TAMS 0x0000000688000000, 0x0000000688000000| Untracked 
|  13|0x0000000688400000, 0x0000000688400000, 0x0000000688800000|  0%| F|  |TAMS 0x0000000688400000, 0x0000000688400000| Untracked 
|  14|0x0000000688800000, 0x0000000688800000, 0x0000000688c00000|  0%| F|  |TAMS 0x0000000688800000, 0x0000000688800000| Untracked 
|  15|0x0000000688c00000, 0x0000000688c00000, 0x0000000689000000|  0%| F|  |TAMS 0x0000000688c00000, 0x0000000688c00000| Untracked 
|  16|0x0000000689000000, 0x0000000689000000, 0x0000000689400000|  0%| F|  |TAMS 0x0000000689000000, 0x0000000689000000| Untracked 
|  17|0x0000000689400000, 0x0000000689400000, 0x0000000689800000|  0%| F|  |TAMS 0x0000000689400000, 0x0000000689400000| Untracked 
|  18|0x0000000689800000, 0x0000000689800000, 0x0000000689c00000|  0%| F|  |TAMS 0x0000000689800000, 0x0000000689800000| Untracked 
|  19|0x0000000689c00000, 0x0000000689c00000, 0x000000068a000000|  0%| F|  |TAMS 0x0000000689c00000, 0x0000000689c00000| Untracked 
|  20|0x000000068a000000, 0x000000068a000000, 0x000000068a400000|  0%| F|  |TAMS 0x000000068a000000, 0x000000068a000000| Untracked 
|  21|0x000000068a400000, 0x000000068a400000, 0x000000068a800000|  0%| F|  |TAMS 0x000000068a400000, 0x000000068a400000| Untracked 
|  22|0x000000068a800000, 0x000000068a800000, 0x000000068ac00000|  0%| F|  |TAMS 0x000000068a800000, 0x000000068a800000| Untracked 
|  23|0x000000068ac00000, 0x000000068ac00000, 0x000000068b000000|  0%| F|  |TAMS 0x000000068ac00000, 0x000000068ac00000| Untracked 
|  24|0x000000068b000000, 0x000000068b000000, 0x000000068b400000|  0%| F|  |TAMS 0x000000068b000000, 0x000000068b000000| Untracked 
|  25|0x000000068b400000, 0x000000068b400000, 0x000000068b800000|  0%| F|  |TAMS 0x000000068b400000, 0x000000068b400000| Untracked 
|  26|0x000000068b800000, 0x000000068b800000, 0x000000068bc00000|  0%| F|  |TAMS 0x000000068b800000, 0x000000068b800000| Untracked 
|  27|0x000000068bc00000, 0x000000068bc00000, 0x000000068c000000|  0%| F|  |TAMS 0x000000068bc00000, 0x000000068bc00000| Untracked 
|  28|0x000000068c000000, 0x000000068c000000, 0x000000068c400000|  0%| F|  |TAMS 0x000000068c000000, 0x000000068c000000| Untracked 
|  29|0x000000068c400000, 0x000000068c400000, 0x000000068c800000|  0%| F|  |TAMS 0x000000068c400000, 0x000000068c400000| Untracked 
|  30|0x000000068c800000, 0x000000068c800000, 0x000000068cc00000|  0%| F|  |TAMS 0x000000068c800000, 0x000000068c800000| Untracked 
|  31|0x000000068cc00000, 0x000000068cc00000, 0x000000068d000000|  0%| F|  |TAMS 0x000000068cc00000, 0x000000068cc00000| Untracked 
|  32|0x000000068d000000, 0x000000068d000000, 0x000000068d400000|  0%| F|  |TAMS 0x000000068d000000, 0x000000068d000000| Untracked 
|  33|0x000000068d400000, 0x000000068d400000, 0x000000068d800000|  0%| F|  |TAMS 0x000000068d400000, 0x000000068d400000| Untracked 
|  34|0x000000068d800000, 0x000000068d800000, 0x000000068dc00000|  0%| F|  |TAMS 0x000000068d800000, 0x000000068d800000| Untracked 
|  35|0x000000068dc00000, 0x000000068dc00000, 0x000000068e000000|  0%| F|  |TAMS 0x000000068dc00000, 0x000000068dc00000| Untracked 
|  36|0x000000068e000000, 0x000000068e000000, 0x000000068e400000|  0%| F|  |TAMS 0x000000068e000000, 0x000000068e000000| Untracked 
|  37|0x000000068e400000, 0x000000068e400000, 0x000000068e800000|  0%| F|  |TAMS 0x000000068e400000, 0x000000068e400000| Untracked 
|  38|0x000000068e800000, 0x000000068e800000, 0x000000068ec00000|  0%| F|  |TAMS 0x000000068e800000, 0x000000068e800000| Untracked 
|  39|0x000000068ec00000, 0x000000068ec00000, 0x000000068f000000|  0%| F|  |TAMS 0x000000068ec00000, 0x000000068ec00000| Untracked 
|  40|0x000000068f000000, 0x000000068f000000, 0x000000068f400000|  0%| F|  |TAMS 0x000000068f000000, 0x000000068f000000| Untracked 
|  41|0x000000068f400000, 0x000000068f400000, 0x000000068f800000|  0%| F|  |TAMS 0x000000068f400000, 0x000000068f400000| Untracked 
|  42|0x000000068f800000, 0x000000068f800000, 0x000000068fc00000|  0%| F|  |TAMS 0x000000068f800000, 0x000000068f800000| Untracked 
|  43|0x000000068fc00000, 0x000000068fc00000, 0x0000000690000000|  0%| F|  |TAMS 0x000000068fc00000, 0x000000068fc00000| Untracked 
|  44|0x0000000690000000, 0x0000000690000000, 0x0000000690400000|  0%| F|  |TAMS 0x0000000690000000, 0x0000000690000000| Untracked 
|  45|0x0000000690400000, 0x0000000690400000, 0x0000000690800000|  0%| F|  |TAMS 0x0000000690400000, 0x0000000690400000| Untracked 
|  46|0x0000000690800000, 0x0000000690800000, 0x0000000690c00000|  0%| F|  |TAMS 0x0000000690800000, 0x0000000690800000| Untracked 
|  47|0x0000000690c00000, 0x0000000690c00000, 0x0000000691000000|  0%| F|  |TAMS 0x0000000690c00000, 0x0000000690c00000| Untracked 
|  48|0x0000000691000000, 0x0000000691000000, 0x0000000691400000|  0%| F|  |TAMS 0x0000000691000000, 0x0000000691000000| Untracked 
|  49|0x0000000691400000, 0x0000000691400000, 0x0000000691800000|  0%| F|  |TAMS 0x0000000691400000, 0x0000000691400000| Untracked 
|  50|0x0000000691800000, 0x0000000691800000, 0x0000000691c00000|  0%| F|  |TAMS 0x0000000691800000, 0x0000000691800000| Untracked 
|  51|0x0000000691c00000, 0x0000000691c00000, 0x0000000692000000|  0%| F|  |TAMS 0x0000000691c00000, 0x0000000691c00000| Untracked 
|  52|0x0000000692000000, 0x0000000692000000, 0x0000000692400000|  0%| F|  |TAMS 0x0000000692000000, 0x0000000692000000| Untracked 
|  53|0x0000000692400000, 0x0000000692400000, 0x0000000692800000|  0%| F|  |TAMS 0x0000000692400000, 0x0000000692400000| Untracked 
|  54|0x0000000692800000, 0x0000000692800000, 0x0000000692c00000|  0%| F|  |TAMS 0x0000000692800000, 0x0000000692800000| Untracked 
|  55|0x0000000692c00000, 0x0000000692c00000, 0x0000000693000000|  0%| F|  |TAMS 0x0000000692c00000, 0x0000000692c00000| Untracked 
|  56|0x0000000693000000, 0x0000000693000000, 0x0000000693400000|  0%| F|  |TAMS 0x0000000693000000, 0x0000000693000000| Untracked 
|  57|0x0000000693400000, 0x0000000693400000, 0x0000000693800000|  0%| F|  |TAMS 0x0000000693400000, 0x0000000693400000| Untracked 
|  58|0x0000000693800000, 0x0000000693800000, 0x0000000693c00000|  0%| F|  |TAMS 0x0000000693800000, 0x0000000693800000| Untracked 
|  59|0x0000000693c00000, 0x0000000693c00000, 0x0000000694000000|  0%| F|  |TAMS 0x0000000693c00000, 0x0000000693c00000| Untracked 
|  60|0x0000000694000000, 0x0000000694000000, 0x0000000694400000|  0%| F|  |TAMS 0x0000000694000000, 0x0000000694000000| Untracked 
|  61|0x0000000694400000, 0x0000000694400000, 0x0000000694800000|  0%| F|  |TAMS 0x0000000694400000, 0x0000000694400000| Untracked 
|  62|0x0000000694800000, 0x0000000694800000, 0x0000000694c00000|  0%| F|  |TAMS 0x0000000694800000, 0x0000000694800000| Untracked 
|  63|0x0000000694c00000, 0x0000000694c00000, 0x0000000695000000|  0%| F|  |TAMS 0x0000000694c00000, 0x0000000694c00000| Untracked 
|  64|0x0000000695000000, 0x0000000695000000, 0x0000000695400000|  0%| F|  |TAMS 0x0000000695000000, 0x0000000695000000| Untracked 
|  65|0x0000000695400000, 0x0000000695400000, 0x0000000695800000|  0%| F|  |TAMS 0x0000000695400000, 0x0000000695400000| Untracked 
|  66|0x0000000695800000, 0x0000000695800000, 0x0000000695c00000|  0%| F|  |TAMS 0x0000000695800000, 0x0000000695800000| Untracked 
|  67|0x0000000695c00000, 0x0000000695c00000, 0x0000000696000000|  0%| F|  |TAMS 0x0000000695c00000, 0x0000000695c00000| Untracked 
|  68|0x0000000696000000, 0x0000000696000000, 0x0000000696400000|  0%| F|  |TAMS 0x0000000696000000, 0x0000000696000000| Untracked 
|  69|0x0000000696400000, 0x0000000696400000, 0x0000000696800000|  0%| F|  |TAMS 0x0000000696400000, 0x0000000696400000| Untracked 
|  70|0x0000000696800000, 0x0000000696800000, 0x0000000696c00000|  0%| F|  |TAMS 0x0000000696800000, 0x0000000696800000| Untracked 
|  71|0x0000000696c00000, 0x0000000696c00000, 0x0000000697000000|  0%| F|  |TAMS 0x0000000696c00000, 0x0000000696c00000| Untracked 
|  72|0x0000000697000000, 0x0000000697000000, 0x0000000697400000|  0%| F|  |TAMS 0x0000000697000000, 0x0000000697000000| Untracked 
|  73|0x0000000697400000, 0x0000000697400000, 0x0000000697800000|  0%| F|  |TAMS 0x0000000697400000, 0x0000000697400000| Untracked 
|  74|0x0000000697800000, 0x0000000697800000, 0x0000000697c00000|  0%| F|  |TAMS 0x0000000697800000, 0x0000000697800000| Untracked 
|  75|0x0000000697c00000, 0x0000000698000000, 0x0000000698000000|100%| E|  |TAMS 0x0000000697c00000, 0x0000000697c00000| Complete 
|  76|0x0000000698000000, 0x0000000698400000, 0x0000000698400000|100%| E|CS|TAMS 0x0000000698000000, 0x0000000698000000| Complete 
|  77|0x0000000698400000, 0x0000000698521510, 0x0000000698800000| 28%| S|CS|TAMS 0x0000000698400000, 0x0000000698400000| Complete 
|  78|0x0000000698800000, 0x0000000698c00000, 0x0000000698c00000|100%| S|CS|TAMS 0x0000000698800000, 0x0000000698800000| Complete 
|  79|0x0000000698c00000, 0x0000000699000000, 0x0000000699000000|100%| E|CS|TAMS 0x0000000698c00000, 0x0000000698c00000| Complete 
|  80|0x0000000699000000, 0x0000000699400000, 0x0000000699400000|100%| E|CS|TAMS 0x0000000699000000, 0x0000000699000000| Complete 
|  81|0x0000000699400000, 0x0000000699800000, 0x0000000699800000|100%| E|CS|TAMS 0x0000000699400000, 0x0000000699400000| Complete 
|  82|0x0000000699800000, 0x0000000699c00000, 0x0000000699c00000|100%| E|CS|TAMS 0x0000000699800000, 0x0000000699800000| Complete 
|  83|0x0000000699c00000, 0x000000069a000000, 0x000000069a000000|100%| E|CS|TAMS 0x0000000699c00000, 0x0000000699c00000| Complete 
|  84|0x000000069a000000, 0x000000069a400000, 0x000000069a400000|100%| E|CS|TAMS 0x000000069a000000, 0x000000069a000000| Complete 
|  85|0x000000069a400000, 0x000000069a800000, 0x000000069a800000|100%| E|CS|TAMS 0x000000069a400000, 0x000000069a400000| Complete 
|  86|0x000000069a800000, 0x000000069ac00000, 0x000000069ac00000|100%| E|CS|TAMS 0x000000069a800000, 0x000000069a800000| Complete 
|  87|0x000000069ac00000, 0x000000069b000000, 0x000000069b000000|100%| E|CS|TAMS 0x000000069ac00000, 0x000000069ac00000| Complete 
|  88|0x000000069b000000, 0x000000069b400000, 0x000000069b400000|100%| E|CS|TAMS 0x000000069b000000, 0x000000069b000000| Complete 
|  89|0x000000069b400000, 0x000000069b800000, 0x000000069b800000|100%| E|CS|TAMS 0x000000069b400000, 0x000000069b400000| Complete 
|  90|0x000000069b800000, 0x000000069bc00000, 0x000000069bc00000|100%| E|CS|TAMS 0x000000069b800000, 0x000000069b800000| Complete 
|  91|0x000000069bc00000, 0x000000069c000000, 0x000000069c000000|100%| E|CS|TAMS 0x000000069bc00000, 0x000000069bc00000| Complete 
|  92|0x000000069c000000, 0x000000069c400000, 0x000000069c400000|100%| E|CS|TAMS 0x000000069c000000, 0x000000069c000000| Complete 
|  93|0x000000069c400000, 0x000000069c800000, 0x000000069c800000|100%| E|CS|TAMS 0x000000069c400000, 0x000000069c400000| Complete 
|  94|0x000000069c800000, 0x000000069cc00000, 0x000000069cc00000|100%| E|CS|TAMS 0x000000069c800000, 0x000000069c800000| Complete 

Card table byte_map: [0x0000020499870000,0x000002049a450000] _byte_map_base: 0x0000020496448000

Marking Bits (Prev, Next): (CMBitMap*) 0x0000020483da68d0, (CMBitMap*) 0x0000020483da6910
 Prev Bits: [0x000002049b030000, 0x00000204a0ef0000)
 Next Bits: [0x00000204a0ef0000, 0x00000204a6db0000)

Polling page: 0x0000020483a50000

Metaspace:

Usage:
  Non-class:     17.03 MB used.
      Class:      2.37 MB used.
       Both:     19.39 MB used.

Virtual space:
  Non-class space:       64.00 MB reserved,      17.19 MB ( 27%) committed,  1 nodes.
      Class space:        1.00 GB reserved,       2.50 MB ( <1%) committed,  1 nodes.
             Both:        1.06 GB reserved,      19.69 MB (  2%) committed. 

Chunk freelists:
   Non-Class:  14.08 MB
       Class:  13.51 MB
        Both:  27.59 MB

MaxMetaspaceSize: unlimited
CompressedClassSpaceSize: 1.00 GB
Initial GC threshold: 21.00 MB
Current GC threshold: 21.00 MB
CDS: on
MetaspaceReclaimPolicy: balanced
 - commit_granule_bytes: 65536.
 - commit_granule_words: 8192.
 - virtual_space_node_default_size: 8388608.
 - enlarge_chunks_in_place: 1.
 - new_chunks_are_fully_committed: 0.
 - uncommit_free_chunks: 1.
 - use_allocation_guard: 0.
 - handle_deallocations: 1.


Internal statistics:

num_allocs_failed_limit: 0.
num_arena_births: 132.
num_arena_deaths: 0.
num_vsnodes_births: 2.
num_vsnodes_deaths: 0.
num_space_committed: 315.
num_space_uncommitted: 0.
num_chunks_returned_to_freelist: 0.
num_chunks_taken_from_freelist: 859.
num_chunk_merges: 0.
num_chunk_splits: 572.
num_chunks_enlarged: 445.
num_inconsistent_stats: 0.

CodeHeap 'non-profiled nmethods': size=119168Kb used=2440Kb max_used=2440Kb free=116727Kb
 bounds [0x0000020490650000, 0x00000204908c0000, 0x0000020497ab0000]
CodeHeap 'profiled nmethods': size=119104Kb used=10196Kb max_used=10196Kb free=108907Kb
 bounds [0x0000020488ab0000, 0x00000204894b0000, 0x000002048ff00000]
CodeHeap 'non-nmethods': size=7488Kb used=2881Kb max_used=2946Kb free=4606Kb
 bounds [0x000002048ff00000, 0x00000204901f0000, 0x0000020490650000]
 total_blobs=5309 nmethods=4820 adapters=398
 compilation: enabled
              stopped_count=0, restarted_count=0
 full_count=0

Compilation events (20 events):
Event: 2.129 Thread 0x00000204aaad1210 4805       3       java.lang.ProcessEnvironment$NameComparator::compare (90 bytes)
Event: 2.129 Thread 0x00000204aad6a2c0 4806       3       java.lang.ProcessEnvironment$CheckedEntry::getKey (5 bytes)
Event: 2.129 Thread 0x00000204aa17ce80 4807       3       java.lang.ProcessEnvironment$CheckedEntry::getKey (13 bytes)
Event: 2.129 Thread 0x00000204aad6a2c0 nmethod 4806 0x00000204894a0010 code [0x00000204894a01c0, 0x00000204894a04e8]
Event: 2.129 Thread 0x00000204aad6a2c0 4808       3       java.lang.ProcessEnvironment$EntryComparator::compare (13 bytes)
Event: 2.129 Thread 0x00000204aa17ce80 nmethod 4807 0x00000204894a0610 code [0x00000204894a07c0, 0x00000204894a0a88]
Event: 2.129 Thread 0x00000204aa17ce80 4809       3       java.lang.ProcessEnvironment$EntryComparator::compare (25 bytes)
Event: 2.129 Thread 0x00000204aad6a2c0 nmethod 4808 0x00000204894a0b90 code [0x00000204894a0d80, 0x00000204894a14e8]
Event: 2.129 Thread 0x00000204aad6a2c0 4810       3       java.lang.Character::getType (9 bytes)
Event: 2.130 Thread 0x00000204aad6a2c0 nmethod 4810 0x00000204894a1690 code [0x00000204894a1840, 0x00000204894a1a38]
Event: 2.130 Thread 0x00000204aa17ce80 nmethod 4809 0x00000204894a1b10 code [0x00000204894a1ce0, 0x00000204894a21c8]
Event: 2.130 Thread 0x00000204aaad1210 nmethod 4805 0x00000204894a2310 code [0x00000204894a2620, 0x00000204894a38d8]
Event: 2.136 Thread 0x00000204aaad1210 4812       3       java.lang.invoke.LambdaForm$NamedFunction::methodType (23 bytes)
Event: 2.136 Thread 0x00000204aaad1210 nmethod 4812 0x00000204894a4190 code [0x00000204894a4340, 0x00000204894a4588]
Event: 2.138 Thread 0x00000204a7052b20 4817       3       java.lang.invoke.MemberName::<init> (50 bytes)
Event: 2.138 Thread 0x00000204a7052b20 nmethod 4817 0x00000204894a4690 code [0x00000204894a4860, 0x00000204894a4b78]
Event: 2.138 Thread 0x00000204a7052b20 4818       3       java.lang.invoke.MethodHandleNatives::refKindHasReceiver (33 bytes)
Event: 2.138 Thread 0x00000204a7052b20 nmethod 4818 0x00000204894a4d10 code [0x00000204894a4ea0, 0x00000204894a4ff8]
Event: 2.156 Thread 0x00000204aad83520 nmethod 4785 0x000002049089fa90 code [0x000002049089fd40, 0x00000204908a2db0]
Event: 2.185 Thread 0x00000204a7042150 nmethod 4685 0x00000204908a4590 code [0x00000204908a4d20, 0x00000204908ad1e8]

GC Heap History (6 events):
Event: 0.373 GC heap before
{Heap before GC invocations=0 (full 0):
 garbage-first heap   total 389120K, used 20480K [0x0000000685000000, 0x0000000800000000)
  region size 4096K, 5 young (20480K), 0 survivors (0K)
 Metaspace       used 5544K, committed 5696K, reserved 1114112K
  class space    used 677K, committed 768K, reserved 1048576K
}
Event: 0.376 GC heap after
{Heap after GC invocations=1 (full 0):
 garbage-first heap   total 389120K, used 3681K [0x0000000685000000, 0x0000000800000000)
  region size 4096K, 1 young (4096K), 1 survivors (4096K)
 Metaspace       used 5544K, committed 5696K, reserved 1114112K
  class space    used 677K, committed 768K, reserved 1048576K
}
Event: 0.573 GC heap before
{Heap before GC invocations=1 (full 0):
 garbage-first heap   total 389120K, used 24161K [0x0000000685000000, 0x0000000800000000)
  region size 4096K, 6 young (24576K), 1 survivors (4096K)
 Metaspace       used 7254K, committed 7424K, reserved 1114112K
  class space    used 889K, committed 960K, reserved 1048576K
}
Event: 0.576 GC heap after
{Heap after GC invocations=2 (full 0):
 garbage-first heap   total 389120K, used 4376K [0x0000000685000000, 0x0000000800000000)
  region size 4096K, 1 young (4096K), 1 survivors (4096K)
 Metaspace       used 7254K, committed 7424K, reserved 1114112K
  class space    used 889K, committed 960K, reserved 1048576K
}
Event: 1.465 GC heap before
{Heap before GC invocations=2 (full 0):
 garbage-first heap   total 389120K, used 65816K [0x0000000685000000, 0x0000000800000000)
  region size 4096K, 16 young (65536K), 1 survivors (4096K)
 Metaspace       used 16234K, committed 16448K, reserved 1114112K
  class space    used 2014K, committed 2112K, reserved 1048576K
}
Event: 1.469 GC heap after
{Heap after GC invocations=3 (full 0):
 garbage-first heap   total 389120K, used 8668K [0x0000000685000000, 0x0000000800000000)
  region size 4096K, 2 young (8192K), 2 survivors (8192K)
 Metaspace       used 16234K, committed 16448K, reserved 1114112K
  class space    used 2014K, committed 2112K, reserved 1048576K
}

Dll operation events (3 events):
Event: 0.005 Loaded shared library C:\Users\asmaa\.jdks\jbr-17.0.14\bin\java.dll
Event: 0.019 Loaded shared library C:\Users\asmaa\.jdks\jbr-17.0.14\bin\jsvml.dll
Event: 0.125 Loaded shared library C:\Users\asmaa\.jdks\jbr-17.0.14\bin\verify.dll

Deoptimization events (20 events):
Event: 2.109 Thread 0x0000020483d1b280 Uncommon trap: trap_request=0xffffff45 fr.pc=0x000002049074c250 relative=0x00000000000000b0
Event: 2.109 Thread 0x0000020483d1b280 Uncommon trap: reason=unstable_if action=reinterpret pc=0x000002049074c250 method=java.util.Spliterator.getExactSizeIfKnown()J @ 9 c2
Event: 2.109 Thread 0x0000020483d1b280 DEOPT PACKING pc=0x000002049074c250 sp=0x000000fe85ffd070
Event: 2.109 Thread 0x0000020483d1b280 DEOPT UNPACKING pc=0x000002048ff569a3 sp=0x000000fe85ffd008 mode 2
Event: 2.114 Thread 0x0000020483d1b280 Uncommon trap: trap_request=0xffffffec fr.pc=0x000002049071f31c relative=0x000000000000007c
Event: 2.114 Thread 0x0000020483d1b280 Uncommon trap: reason=null_assert_or_unreached0 action=make_not_entrant pc=0x000002049071f31c method=java.util.jar.JarFile.maybeInstantiateVerifier()V @ 4 c2
Event: 2.114 Thread 0x0000020483d1b280 DEOPT PACKING pc=0x000002049071f31c sp=0x000000fe85ffd220
Event: 2.114 Thread 0x0000020483d1b280 DEOPT UNPACKING pc=0x000002048ff569a3 sp=0x000000fe85ffd1b0 mode 2
Event: 2.115 Thread 0x0000020483d1b280 Uncommon trap: trap_request=0xffffff45 fr.pc=0x00000204906e33d8 relative=0x0000000000000058
Event: 2.115 Thread 0x0000020483d1b280 Uncommon trap: reason=unstable_if action=reinterpret pc=0x00000204906e33d8 method=jdk.internal.module.ModuleReferenceImpl.hashCode()I @ 6 c2
Event: 2.115 Thread 0x0000020483d1b280 DEOPT PACKING pc=0x00000204906e33d8 sp=0x000000fe85ffd240
Event: 2.115 Thread 0x0000020483d1b280 DEOPT UNPACKING pc=0x000002048ff569a3 sp=0x000000fe85ffd1d0 mode 2
Event: 2.129 Thread 0x0000020483d1b280 Uncommon trap: trap_request=0xffffffbe fr.pc=0x00000204907417a4 relative=0x0000000000001dc4
Event: 2.129 Thread 0x0000020483d1b280 Uncommon trap: reason=profile_predicate action=maybe_recompile pc=0x00000204907417a4 method=java.util.TimSort.binarySort([Ljava/lang/Object;IIILjava/util/Comparator;)V @ 34 c2
Event: 2.129 Thread 0x0000020483d1b280 DEOPT PACKING pc=0x00000204907417a4 sp=0x000000fe85ffd060
Event: 2.129 Thread 0x0000020483d1b280 DEOPT UNPACKING pc=0x000002048ff569a3 sp=0x000000fe85ffd040 mode 2
Event: 2.129 Thread 0x0000020483d1b280 Uncommon trap: trap_request=0xffffffbe fr.pc=0x00000204907417a4 relative=0x0000000000001dc4
Event: 2.129 Thread 0x0000020483d1b280 Uncommon trap: reason=profile_predicate action=maybe_recompile pc=0x00000204907417a4 method=java.util.TimSort.binarySort([Ljava/lang/Object;IIILjava/util/Comparator;)V @ 34 c2
Event: 2.129 Thread 0x0000020483d1b280 DEOPT PACKING pc=0x00000204907417a4 sp=0x000000fe85ffd060
Event: 2.129 Thread 0x0000020483d1b280 DEOPT UNPACKING pc=0x000002048ff569a3 sp=0x000000fe85ffd040 mode 2

Classes loaded (20 events):
Event: 2.137 Loading class java/lang/ProcessHandle done
Event: 2.137 Loading class java/lang/ProcessHandleImpl done
Event: 2.138 Loading class java/util/concurrent/Executors
Event: 2.139 Loading class java/util/concurrent/Executors done
Event: 2.139 Loading class java/util/concurrent/SynchronousQueue
Event: 2.139 Loading class java/util/concurrent/SynchronousQueue done
Event: 2.139 Loading class java/util/concurrent/SynchronousQueue$TransferStack
Event: 2.139 Loading class java/util/concurrent/SynchronousQueue$Transferer
Event: 2.139 Loading class java/util/concurrent/SynchronousQueue$Transferer done
Event: 2.139 Loading class java/util/concurrent/SynchronousQueue$TransferStack done
Event: 2.139 Loading class java/util/concurrent/SynchronousQueue$TransferStack$SNode
Event: 2.139 Loading class java/util/concurrent/SynchronousQueue$TransferStack$SNode done
Event: 2.139 Loading class java/lang/ProcessImpl$2
Event: 2.139 Loading class java/lang/ProcessImpl$2 done
Event: 2.139 Loading class java/lang/Process$PipeInputStream
Event: 2.139 Loading class java/lang/Process$PipeInputStream done
Event: 2.140 Loading class jdk/internal/event/ProcessStartEvent
Event: 2.140 Loading class jdk/internal/event/ProcessStartEvent done
Event: 2.141 Loading class java/io/PipedOutputStream
Event: 2.141 Loading class java/io/PipedOutputStream done

Classes unloaded (0 events):
No events

Classes redefined (0 events):
No events

Internal exceptions (20 events):
Event: 1.310 Thread 0x0000020483d1b280 Implicit null exception at 0x000002049077bd3e to 0x000002049077c7c4
Event: 1.310 Thread 0x0000020483d1b280 Implicit null exception at 0x000002049078116f to 0x0000020490781368
Event: 1.383 Thread 0x0000020483d1b280 Implicit null exception at 0x00000204907461ef to 0x00000204907463dc
Event: 1.383 Thread 0x0000020483d1b280 Implicit null exception at 0x000002049077b68f to 0x000002049077b709
Event: 1.397 Thread 0x0000020483d1b280 Exception <a 'java/lang/NoSuchMethodError'{0x00000006991806f0}: 'java.lang.Object java.lang.invoke.DirectMethodHandle$Holder.newInvokeSpecial(java.lang.Object, java.lang.Object, java.lang.Object, java.lang.Object, java.lang.Object, java.lang.Object, java.lang.Object)'> (0x00000006991806f0) 
thrown [s\src\hotspot\share\interpreter\linkResolver.cpp, line 771]
Event: 1.397 Thread 0x0000020483d1b280 Exception <a 'java/lang/NoSuchMethodError'{0x0000000699185000}: 'java.lang.Object java.lang.invoke.Invokers$Holder.linkToTargetMethod(java.lang.Object, java.lang.Object, java.lang.Object, java.lang.Object, java.lang.Object, java.lang.Object, java.lang.Object)'> (0x0000000699185000) 
thrown [s\src\hotspot\share\interpreter\linkResolver.cpp, line 771]
Event: 1.524 Thread 0x0000020483d1b280 Exception <a 'java/lang/NoSuchMethodError'{0x000000069c4def88}: 'int java.lang.invoke.DirectMethodHandle$Holder.invokeVirtual(java.lang.Object, java.lang.Object)'> (0x000000069c4def88) 
thrown [s\src\hotspot\share\interpreter\linkResolver.cpp, line 771]
Event: 1.549 Thread 0x0000020483d1b280 Exception <a 'java/lang/NoSuchMethodError'{0x000000069c6ce028}: 'int java.lang.invoke.DirectMethodHandle$Holder.invokeStatic(java.lang.Object, java.lang.Object, int)'> (0x000000069c6ce028) 
thrown [s\src\hotspot\share\interpreter\linkResolver.cpp, line 771]
Event: 2.099 Thread 0x0000020483d1b280 Exception <a 'sun/nio/fs/WindowsException'{0x00000006981ccb90}> (0x00000006981ccb90) 
thrown [s\src\hotspot\share\prims\jni.cpp, line 531]
Event: 2.099 Thread 0x0000020483d1b280 Exception <a 'sun/nio/fs/WindowsException'{0x00000006981cd3a0}> (0x00000006981cd3a0) 
thrown [s\src\hotspot\share\prims\jni.cpp, line 531]
Event: 2.102 Thread 0x0000020483d1b280 Exception <a 'sun/nio/fs/WindowsException'{0x00000006981ecba0}> (0x00000006981ecba0) 
thrown [s\src\hotspot\share\prims\jni.cpp, line 531]
Event: 2.103 Thread 0x0000020483d1b280 Exception <a 'sun/nio/fs/WindowsException'{0x00000006981f2030}> (0x00000006981f2030) 
thrown [s\src\hotspot\share\prims\jni.cpp, line 531]
Event: 2.105 Thread 0x0000020483d1b280 Exception <a 'sun/nio/fs/WindowsException'{0x00000006981f3ff0}> (0x00000006981f3ff0) 
thrown [s\src\hotspot\share\prims\jni.cpp, line 531]
Event: 2.105 Thread 0x0000020483d1b280 Exception <a 'sun/nio/fs/WindowsException'{0x00000006981f5110}> (0x00000006981f5110) 
thrown [s\src\hotspot\share\prims\jni.cpp, line 531]
Event: 2.105 Thread 0x0000020483d1b280 Exception <a 'sun/nio/fs/WindowsException'{0x00000006981f5e10}> (0x00000006981f5e10) 
thrown [s\src\hotspot\share\prims\jni.cpp, line 531]
Event: 2.136 Thread 0x0000020483d1b280 Exception <a 'java/lang/NoSuchMethodError'{0x0000000697cb4718}: 'void java.lang.invoke.DirectMethodHandle$Holder.invokeStatic(java.lang.Object, long)'> (0x0000000697cb4718) 
thrown [s\src\hotspot\share\interpreter\linkResolver.cpp, line 771]
Event: 2.136 Thread 0x0000020483d1b280 Exception <a 'java/lang/NoSuchMethodError'{0x0000000697cba0e0}: 'java.lang.Object java.lang.invoke.DirectMethodHandle$Holder.newInvokeSpecial(java.lang.Object, long)'> (0x0000000697cba0e0) 
thrown [s\src\hotspot\share\interpreter\linkResolver.cpp, line 771]
Event: 2.138 Thread 0x0000020483d1b280 Exception <a 'java/lang/NoSuchMethodError'{0x0000000697cc5290}: 'java.lang.Object java.lang.invoke.DirectMethodHandle$Holder.invokeStaticInit(java.lang.Object, java.lang.Object, long, java.lang.Object)'> (0x0000000697cc5290) 
thrown [s\src\hotspot\share\interpreter\linkResolver.cpp, line 771]
Event: 2.138 Thread 0x0000020483d1b280 Exception <a 'java/lang/NoSuchMethodError'{0x0000000697ccb960}: 'java.lang.Object java.lang.invoke.DirectMethodHandle$Holder.newInvokeSpecial(java.lang.Object, java.lang.Object, long)'> (0x0000000697ccb960) 
thrown [s\src\hotspot\share\interpreter\linkResolver.cpp, line 771]
Event: 2.138 Thread 0x0000020483d1b280 Exception <a 'java/lang/NoSuchMethodError'{0x0000000697ccfc50}: 'java.lang.Object java.lang.invoke.Invokers$Holder.linkToTargetMethod(java.lang.Object, long, java.lang.Object)'> (0x0000000697ccfc50) 
thrown [s\src\hotspot\share\interpreter\linkResolver.cpp, line 771]

VM Operations (20 events):
Event: 1.396 Executing VM operation: ICBufferFull
Event: 1.396 Executing VM operation: ICBufferFull done
Event: 1.399 Executing VM operation: HandshakeAllThreads
Event: 1.399 Executing VM operation: HandshakeAllThreads done
Event: 1.464 Executing VM operation: G1CollectForAllocation
Event: 1.469 Executing VM operation: G1CollectForAllocation done
Event: 1.673 Executing VM operation: ICBufferFull
Event: 1.673 Executing VM operation: ICBufferFull done
Event: 1.922 Executing VM operation: ICBufferFull
Event: 1.922 Executing VM operation: ICBufferFull done
Event: 2.066 Executing VM operation: HandshakeAllThreads
Event: 2.066 Executing VM operation: HandshakeAllThreads done
Event: 2.075 Executing VM operation: HandshakeAllThreads
Event: 2.076 Executing VM operation: HandshakeAllThreads done
Event: 2.101 Executing VM operation: HandshakeAllThreads
Event: 2.101 Executing VM operation: HandshakeAllThreads done
Event: 2.105 Executing VM operation: HandshakeAllThreads
Event: 2.105 Executing VM operation: HandshakeAllThreads done
Event: 2.140 Executing VM operation: HandshakeAllThreads
Event: 2.140 Executing VM operation: HandshakeAllThreads done

Memory protections (0 events):
No events

Nmethod flushes (0 events):
No events

Events (20 events):
Event: 0.039 Thread 0x0000020483d1b280 Thread added: 0x00000204aa26cd50
Event: 0.041 Loaded shared library C:\Users\asmaa\.jdks\jbr-17.0.14\bin\net.dll
Event: 0.042 Loaded shared library C:\Users\asmaa\.jdks\jbr-17.0.14\bin\nio.dll
Event: 0.043 Loaded shared library C:\Users\asmaa\.jdks\jbr-17.0.14\bin\zip.dll
Event: 0.073 Thread 0x00000204a7052b20 Thread added: 0x00000204aa28ff70
Event: 0.116 Thread 0x0000020483d1b280 Thread added: 0x00000204aa3fa140
Event: 0.118 Loaded shared library C:\Program Files\JetBrains\IntelliJ IDEA 2025.2.1\plugins\maven\lib\maven3\lib\jansi-native\Windows\x86_64\jansi.dll
Event: 0.118 Loaded shared library C:\Users\asmaa\.jdks\jbr-17.0.14\bin\jimage.dll
Event: 0.123 Thread 0x00000204aa3fa140 Thread exited: 0x00000204aa3fa140
Event: 0.206 Thread 0x00000204aa17ce80 Thread added: 0x00000204aad6a2c0
Event: 0.208 Thread 0x00000204aa17ce80 Thread added: 0x00000204aaad1210
Event: 0.387 Thread 0x00000204aaad1210 Thread added: 0x00000204aad82bf0
Event: 0.387 Thread 0x00000204aaad1210 Thread added: 0x00000204aad83520
Event: 0.387 Thread 0x00000204aaad1210 Thread added: 0x00000204aad83a40
Event: 0.387 Thread 0x00000204aaad1210 Thread added: 0x00000204f0124bd0
Event: 1.122 Thread 0x0000020483d1b280 Thread added: 0x00000204f08c6550
Event: 1.720 Thread 0x00000204f0124bd0 Thread exited: 0x00000204f0124bd0
Event: 2.141 Thread 0x0000020483d1b280 Thread added: 0x00000204f149df20
Event: 2.141 Thread 0x0000020483d1b280 Thread added: 0x00000204f149cff0
Event: 2.141 Thread 0x0000020483d1b280 Thread added: 0x00000204f149d500


Dynamic libraries:
0x00007ff71d6c0000 - 0x00007ff71d6ca000 	C:\Users\asmaa\.jdks\jbr-17.0.14\bin\java.exe
0x00007ffd40b40000 - 0x00007ffd40da7000 	C:\WINDOWS\SYSTEM32\ntdll.dll
0x00007ffd3f100000 - 0x00007ffd3f1c9000 	C:\WINDOWS\System32\KERNEL32.DLL
0x00007ffd3e180000 - 0x00007ffd3e56f000 	C:\WINDOWS\System32\KERNELBASE.dll
0x00007ffd3e030000 - 0x00007ffd3e17b000 	C:\WINDOWS\System32\ucrtbase.dll
0x00007ffd31d20000 - 0x00007ffd31d37000 	C:\Users\asmaa\.jdks\jbr-17.0.14\bin\jli.dll
0x00007ffd2a340000 - 0x00007ffd2a35b000 	C:\Users\asmaa\.jdks\jbr-17.0.14\bin\VCRUNTIME140.dll
0x00007ffd3ea40000 - 0x00007ffd3ec05000 	C:\WINDOWS\System32\USER32.dll
0x00007ffd1b350000 - 0x00007ffd1b5e3000 	C:\WINDOWS\WinSxS\amd64_microsoft.windows.common-controls_6595b64144ccf1df_6.0.26100.7309_none_3e05feeae336a044\COMCTL32.dll
0x00007ffd3e780000 - 0x00007ffd3e7a7000 	C:\WINDOWS\System32\win32u.dll
0x00007ffd403d0000 - 0x00007ffd40479000 	C:\WINDOWS\System32\msvcrt.dll
0x00007ffd3ea10000 - 0x00007ffd3ea3b000 	C:\WINDOWS\System32\GDI32.dll
0x00007ffd3e7b0000 - 0x00007ffd3e8dc000 	C:\WINDOWS\System32\gdi32full.dll
0x00007ffd3de10000 - 0x00007ffd3deb3000 	C:\WINDOWS\System32\msvcp_win.dll
0x00007ffd3fa10000 - 0x00007ffd3fa41000 	C:\WINDOWS\System32\IMM32.DLL
0x00007ffd31bf0000 - 0x00007ffd31bfc000 	C:\Users\asmaa\.jdks\jbr-17.0.14\bin\vcruntime140_1.dll
0x00007ffd16770000 - 0x00007ffd167fd000 	C:\Users\asmaa\.jdks\jbr-17.0.14\bin\msvcp140.dll
0x00007ffc8af90000 - 0x00007ffc8bc1e000 	C:\Users\asmaa\.jdks\jbr-17.0.14\bin\server\jvm.dll
0x00007ffd3fa50000 - 0x00007ffd3fb04000 	C:\WINDOWS\System32\ADVAPI32.dll
0x00007ffd3e960000 - 0x00007ffd3ea06000 	C:\WINDOWS\System32\sechost.dll
0x00007ffd40910000 - 0x00007ffd40a28000 	C:\WINDOWS\System32\RPCRT4.dll
0x00007ffd3e8e0000 - 0x00007ffd3e954000 	C:\WINDOWS\System32\WS2_32.dll
0x00007ffd3daf0000 - 0x00007ffd3db4e000 	C:\WINDOWS\SYSTEM32\POWRPROF.dll
0x00007ffd2ae00000 - 0x00007ffd2ae0b000 	C:\WINDOWS\SYSTEM32\VERSION.dll
0x00007ffd322f0000 - 0x00007ffd32325000 	C:\WINDOWS\SYSTEM32\WINMM.dll
0x00007ffd3dad0000 - 0x00007ffd3dae4000 	C:\WINDOWS\SYSTEM32\UMPDC.dll
0x00007ffd3ca40000 - 0x00007ffd3ca5b000 	C:\WINDOWS\SYSTEM32\kernel.appcore.dll
0x00007ffd2ba10000 - 0x00007ffd2ba1a000 	C:\Users\asmaa\.jdks\jbr-17.0.14\bin\jimage.dll
0x00007ffd3b290000 - 0x00007ffd3b4d2000 	C:\WINDOWS\SYSTEM32\DBGHELP.DLL
0x00007ffd3fe30000 - 0x00007ffd401b6000 	C:\WINDOWS\System32\combase.dll
0x00007ffd3fc80000 - 0x00007ffd3fd56000 	C:\WINDOWS\System32\OLEAUT32.dll
0x00007ffd2a2d0000 - 0x00007ffd2a30c000 	C:\WINDOWS\SYSTEM32\dbgcore.DLL
0x00007ffd3dec0000 - 0x00007ffd3df65000 	C:\WINDOWS\System32\bcryptPrimitives.dll
0x00007ffd289a0000 - 0x00007ffd289c5000 	C:\Users\asmaa\.jdks\jbr-17.0.14\bin\java.dll
0x00007ffd16690000 - 0x00007ffd16767000 	C:\Users\asmaa\.jdks\jbr-17.0.14\bin\jsvml.dll
0x00007ffd3f220000 - 0x00007ffd3f973000 	C:\WINDOWS\System32\SHELL32.dll
0x00007ffd3e610000 - 0x00007ffd3e77a000 	C:\WINDOWS\System32\wintypes.dll
0x00007ffd3b860000 - 0x00007ffd3c0be000 	C:\WINDOWS\SYSTEM32\windows.storage.dll
0x00007ffd3f000000 - 0x00007ffd3f0f5000 	C:\WINDOWS\System32\SHCORE.dll
0x00007ffd3ef90000 - 0x00007ffd3eff6000 	C:\WINDOWS\System32\shlwapi.dll
0x00007ffd3dbb0000 - 0x00007ffd3dbd9000 	C:\WINDOWS\SYSTEM32\profapi.dll
0x00007ffd27e50000 - 0x00007ffd27e68000 	C:\Users\asmaa\.jdks\jbr-17.0.14\bin\zip.dll
0x00007ffd27e30000 - 0x00007ffd27e49000 	C:\Users\asmaa\.jdks\jbr-17.0.14\bin\net.dll
0x00007ffd31ea0000 - 0x00007ffd31fc8000 	C:\WINDOWS\SYSTEM32\WINHTTP.dll
0x00007ffd3cfb0000 - 0x00007ffd3d01b000 	C:\WINDOWS\system32\mswsock.dll
0x00007ffd27da0000 - 0x00007ffd27db6000 	C:\Users\asmaa\.jdks\jbr-17.0.14\bin\nio.dll
0x00007ffd16040000 - 0x00007ffd16064000 	C:\Program Files\JetBrains\IntelliJ IDEA 2025.2.1\plugins\maven\lib\maven3\lib\jansi-native\Windows\x86_64\jansi.dll
0x00007ffd1ea10000 - 0x00007ffd1ea20000 	C:\Users\asmaa\.jdks\jbr-17.0.14\bin\verify.dll

dbghelp: loaded successfully - version: 4.0.5 - missing functions: none
symbol engine: initialized successfully - sym options: 0x614 - pdb path: .;C:\Users\asmaa\.jdks\jbr-17.0.14\bin;C:\WINDOWS\SYSTEM32;C:\WINDOWS\WinSxS\amd64_microsoft.windows.common-controls_6595b64144ccf1df_6.0.26100.7309_none_3e05feeae336a044;C:\Users\asmaa\.jdks\jbr-17.0.14\bin\server;C:\Program Files\JetBrains\IntelliJ IDEA 2025.2.1\plugins\maven\lib\maven3\lib\jansi-native\Windows\x86_64

VM Arguments:
jvm_args: -Dclassworlds.conf=C:\Program Files\JetBrains\IntelliJ IDEA 2025.2.1\plugins\maven\lib\maven3\bin\m2.conf -Dmaven.home=C:\Program Files\JetBrains\IntelliJ IDEA 2025.2.1\plugins\maven\lib\maven3 -Dlibrary.jansi.path=C:\Program Files\JetBrains\IntelliJ IDEA 2025.2.1\plugins\maven\lib\maven3\lib\jansi-native -Dmaven.multiModuleProjectDirectory=C:\Users\asmaa\IdeaProjects\PortefeuilleIntelligent 
java_command: org.codehaus.plexus.classworlds.launcher.Launcher -Didea.version=2025.2.1 -Dmaven.ext.class.path=C:\Program Files\JetBrains\IntelliJ IDEA 2025.2.1\plugins\maven\lib\maven-event-listener.jar -Djansi.passthrough=true -Dstyle.color=always -Dmaven.repo.local=C:\Users\asmaa\.m2\repository org.openjfx:javafx-maven-plugin:0.0.8:run -f pom.xml
java_class_path (initial): C:\Program Files\JetBrains\IntelliJ IDEA 2025.2.1\plugins\maven\lib\maven3\boot\plexus-classworlds-2.8.0.jar
Launcher Type: SUN_STANDARD

[Global flags]
     intx CICompilerCount                          = 12                                        {product} {ergonomic}
     uint ConcGCThreads                            = 4                                         {product} {ergonomic}
     uint G1ConcRefinementThreads                  = 15                                        {product} {ergonomic}
   size_t G1HeapRegionSize                         = 4194304                                   {product} {ergonomic}
    uintx GCDrainStackTargetSize                   = 64                                        {product} {ergonomic}
   size_t InitialHeapSize                          = 398458880                                 {product} {ergonomic}
   size_t MarkStackSize                            = 4194304                                   {product} {ergonomic}
   size_t MaxHeapSize                              = 6358564864                                {product} {ergonomic}
   size_t MaxNewSize                               = 3812622336                                {product} {ergonomic}
   size_t MinHeapDeltaBytes                        = 4194304                                   {product} {ergonomic}
   size_t MinHeapSize                              = 8388608                                   {product} {ergonomic}
    uintx NonNMethodCodeHeapSize                   = 7602480                                {pd product} {ergonomic}
    uintx NonProfiledCodeHeapSize                  = 122027880                              {pd product} {ergonomic}
    uintx ProfiledCodeHeapSize                     = 122027880                              {pd product} {ergonomic}
    uintx ReservedCodeCacheSize                    = 251658240                              {pd product} {ergonomic}
     bool SegmentedCodeCache                       = true                                      {product} {ergonomic}
   size_t SoftMaxHeapSize                          = 6358564864                             {manageable} {ergonomic}
     bool UseCompressedClassPointers               = true                           {product lp64_product} {ergonomic}
     bool UseCompressedOops                        = true                           {product lp64_product} {ergonomic}
     bool UseG1GC                                  = true                                      {product} {ergonomic}
     bool UseLargePagesIndividualAllocation        = false                                  {pd product} {ergonomic}

Logging:
Log output configuration:
 #0: stdout all=warning uptime,level,tags
 #1: stderr all=off uptime,level,tags

Environment Variables:
JAVA_HOME=C:\Users\asmaa\.jdks\jbr-17.0.14
PATH=C:\Program Files (x86)\VMware\VMware Workstation\bin\;C:\oraclexe\app\oracle\product\11.2.0\server\bin;;C:\Program Files\Common Files\Oracle\Java\javapath;C:\windows\system32;C:\windows;C:\windows\System32\Wbem;C:\windows\System32\WindowsPowerShell\v1.0\;C:\windows\System32\OpenSSH\;C:\Program Files (x86)\NVIDIA Corporation\PhysX\Common;C:\Program Files\NVIDIA Corporation\NVIDIA NvDLISR;C:\instantClient12_2;C:\oraclexe\app\oracle\admin\XE;C:\oraclexe;C:\Program Files\Git\cmd;C:\WINDOWS\system32;C:\WINDOWS;C:\WINDOWS\System32\Wbem;C:\WINDOWS\System32\WindowsPowerShell\v1.0\;C:\WINDOWS\System32\OpenSSH\;C:\ProgramData\ComposerSetup\bin;C:\Users\asmaa\scoop\shims;C:\Users\asmaa\AppData\Local\Microsoft\WindowsApps;C:\Users\asmaa\AppData\Local\Programs\Microsoft VS Code\bin;C:\Users\asmaa\AppData\Local\GitHubDesktop\bin;C:\xampp\php;C:\Users\asmaa\AppData\Local\ComposerSetup\bin;C:\Users\asmaa\AppData\Roaming\Composer\vendor\bin;C:\ProgramData\ComposerSetup\bin;C:\Users\asmaa\AppData\Local\Programs\IntelliJ IDEA 2025.2.1\bin;C:\Program Files\JetBrains\PhpStorm 2025.2.3\bin;C:\Users\asmaa\AppData\Local\Programs\Antigravity\bin
USERNAME=asmaa
OS=Windows_NT
PROCESSOR_IDENTIFIER=Intel64 Family 6 Model 154 Stepping 3, GenuineIntel
TMP=C:\Users\asmaa\AppData\Local\Temp
TEMP=C:\Users\asmaa\AppData\Local\Temp



Periodic native trim disabled

JNI global refs:
JNI global refs: 17, weak refs: 0

JNI global refs memory usage: 843, weak refs: 209

Process memory usage:
Resident Set Size: 213540K (0% of 24825684K total physical memory with 4524292K free physical memory)

OOME stack traces (most recent first):
Classloader memory used:
Loader org.codehaus.plexus.classworlds.realm.ClassRealm                                : 1833K
Loader bootstrap                                                                       : 596K
Loader jdk.internal.loader.ClassLoaders$AppClassLoader                                 : 28389B
Loader org.eclipse.sisu.space.CloningClassSpace$CloningClassLoader                     : 10481B
Loader jdk.internal.loader.ClassLoaders$PlatformClassLoader                            : 8871B
Loader jdk.internal.reflect.DelegatingClassLoader                                      : 5538B

Classes loaded by more than one classloader:
Class org.codehaus.plexus.util.MatchPatterns                                          : loaded 3 times (x 73B)
Class org.sonatype.plexus.components.sec.dispatcher.DefaultSecDispatcher              : loaded 2 times (x 81B)
Class org.codehaus.plexus.util.DirectoryScanner                                       : loaded 2 times (x 113B)
Class org.codehaus.plexus.interpolation.BasicInterpolator                             : loaded 2 times (x 68B)
Class org.codehaus.plexus.languages.java.jpms.ResolvePathResult                       : loaded 2 times (x 74B)
Class org.codehaus.plexus.languages.java.jpms.LocationManager                         : loaded 2 times (x 72B)
Class org.codehaus.plexus.util.Scanner                                                : loaded 2 times (x 68B)
Class org.sonatype.plexus.components.cipher.PlexusCipherException                     : loaded 2 times (x 80B)
Class [Lorg.codehaus.plexus.util.MatchPattern;                                        : loaded 2 times (x 67B)
Class org.codehaus.plexus.interpolation.ValueSource                                   : loaded 2 times (x 68B)
Class org.codehaus.plexus.util.AbstractScanner                                        : loaded 2 times (x 98B)
Class org.codehaus.plexus.util.MatchPattern                                           : loaded 2 times (x 76B)
Class org.codehaus.plexus.languages.java.jpms.ResolvePathsRequest                     : loaded 2 times (x 80B)
Class org.codehaus.plexus.languages.java.jpms.JavaModuleDescriptor                    : loaded 2 times (x 76B)
Class org.codehaus.plexus.interpolation.RecursionInterceptor                          : loaded 2 times (x 68B)
Class org.apache.maven.shared.utils.logging.MessageBuilder                            : loaded 2 times (x 68B)
Class org.codehaus.plexus.languages.java.jpms.SourceModuleInfoParser                  : loaded 2 times (x 70B)
Class org.sonatype.plexus.components.sec.dispatcher.model.SettingsSecurity            : loaded 2 times (x 80B)
Class org.sonatype.plexus.components.cipher.PlexusCipher                              : loaded 2 times (x 68B)
Class org.sonatype.plexus.components.sec.dispatcher.SecDispatcher                     : loaded 2 times (x 68B)
Class org.codehaus.plexus.interpolation.PropertiesBasedValueSource                    : loaded 2 times (x 80B)
Class org.codehaus.plexus.interpolation.AbstractValueSource                           : loaded 2 times (x 80B)
Class org.sonatype.plexus.components.sec.dispatcher.SecDispatcherException            : loaded 2 times (x 80B)
Class org.sonatype.plexus.components.cipher.DefaultPlexusCipher                       : loaded 2 times (x 91B)
Class org.codehaus.plexus.util.Os                                                     : loaded 2 times (x 75B)
Class org.codehaus.plexus.languages.java.jpms.ModuleInfoParser                        : loaded 2 times (x 68B)
Class org.codehaus.plexus.util.SelectorUtils                                          : loaded 2 times (x 69B)
Class org.codehaus.plexus.util.StringUtils                                            : loaded 2 times (x 69B)
Class org.codehaus.plexus.languages.java.jpms.ManifestModuleNameExtractor             : loaded 2 times (x 73B)
Class org.codehaus.plexus.languages.java.jpms.ResolvePathRequest                      : loaded 2 times (x 74B)
Class org.codehaus.plexus.languages.java.jpms.ResolvePathsResult                      : loaded 2 times (x 80B)
Class org.codehaus.plexus.util.cli.CommandLineException                               : loaded 2 times (x 80B)
Class org.sonatype.plexus.components.cipher.PBECipher                                 : loaded 2 times (x 72B)
Class org.codehaus.plexus.interpolation.Interpolator                                  : loaded 2 times (x 68B)
Class org.codehaus.plexus.languages.java.jpms.ModuleNameExtractor                     : loaded 2 times (x 68B)


---------------  S Y S T E M  ---------------

OS:
 Windows 11 , 64 bit Build 26100 (10.0.26100.7623)
OS uptime: 12 days 1:58 hours
Hyper-V role detected

CPU: total 20 (initial active 20) (10 cores per cpu, 2 threads per core) family 6 model 154 stepping 3 microcode 0x434, cx8, cmov, fxsr, ht, mmx, 3dnowpref, sse, sse2, sse3, ssse3, sse4.1, sse4.2, popcnt, lzcnt, tsc, tscinvbit, avx, avx2, aes, erms, clmul, bmi1, bmi2, adx, sha, fma, vzeroupper, clflush, clflushopt, clwb, hv
Processor Information for processor 0
  Max Mhz: 2300, Current Mhz: 2300, Mhz Limit: 2300
Processor Information for processor 1
  Max Mhz: 2300, Current Mhz: 2300, Mhz Limit: 2300
Processor Information for processor 2
  Max Mhz: 2300, Current Mhz: 2300, Mhz Limit: 2300
Processor Information for processor 3
  Max Mhz: 2300, Current Mhz: 2300, Mhz Limit: 2300
Processor Information for processor 4
  Max Mhz: 2300, Current Mhz: 2300, Mhz Limit: 2300
Processor Information for processor 5
  Max Mhz: 2300, Current Mhz: 2300, Mhz Limit: 2300
Processor Information for processor 6
  Max Mhz: 2300, Current Mhz: 2300, Mhz Limit: 2300
Processor Information for processor 7
  Max Mhz: 2300, Current Mhz: 2300, Mhz Limit: 2300
Processor Information for processor 8
  Max Mhz: 2300, Current Mhz: 2300, Mhz Limit: 2300
Processor Information for processor 9
  Max Mhz: 2300, Current Mhz: 2300, Mhz Limit: 2300
Processor Information for processor 10
  Max Mhz: 2300, Current Mhz: 2300, Mhz Limit: 2300
Processor Information for processor 11
  Max Mhz: 2300, Current Mhz: 2300, Mhz Limit: 2300
Processor Information for processor 12
  Max Mhz: 2300, Current Mhz: 2300, Mhz Limit: 2300
Processor Information for processor 13
  Max Mhz: 2300, Current Mhz: 2300, Mhz Limit: 2300
Processor Information for processor 14
  Max Mhz: 2300, Current Mhz: 1488, Mhz Limit: 2300
Processor Information for processor 15
  Max Mhz: 2300, Current Mhz: 2300, Mhz Limit: 2300
Processor Information for processor 16
  Max Mhz: 2300, Current Mhz: 1488, Mhz Limit: 2300
Processor Information for processor 17
  Max Mhz: 2300, Current Mhz: 2300, Mhz Limit: 2300
Processor Information for processor 18
  Max Mhz: 2300, Current Mhz: 2300, Mhz Limit: 2300
Processor Information for processor 19
  Max Mhz: 2300, Current Mhz: 1488, Mhz Limit: 2300

Memory: 4k page, system-wide physical 24243M (4418M free)
TotalPageFile size 28194M (AvailPageFile size 111M)
current process WorkingSet (physical memory assigned to process): 208M, peak: 209M
current process commit charge ("private bytes"): 575M, peak: 579M

vm_info: OpenJDK 64-Bit Server VM (17.0.14+1-b1367.22) for windows-amd64 JRE (17.0.14+1-b1367.22), built on 2025-01-30 by "builduser" with MS VC++ 16.10 / 16.11 (VS2019)

END.
