#
# There is insufficient memory for the Java Runtime Environment to continue.
# Native memory allocation (mmap) failed to map 398458880 bytes. Error detail: G1 virtual space
# Possible reasons:
#   The system is out of physical RAM or swap space
#   This process is running with CompressedOops enabled, and the Java Heap may be blocking the growth of the native heap
# Possible solutions:
#   Reduce memory load on the system
#   Increase physical memory or swap space
#   Check if swap backing store is full
#   Decrease Java heap size (-Xmx/-Xms)
#   Decrease number of Java threads
#   Decrease Java thread stack sizes (-Xss)
#   Set larger code cache with -XX:ReservedCodeCacheSize=
#   JVM is running with Zero Based Compressed Oops mode in which the Java heap is
#     placed in the first 32GB address space. The Java Heap base address is the
#     maximum limit for the native heap growth. Please use -XX:HeapBaseMinAddress
#     to set the Java Heap base and to place the Java Heap above 32GB virtual address.
# This output file may be truncated or incomplete.
#
#  Out of Memory Error (os_windows.cpp:3830), pid=13620, tid=27992
#
# JRE version:  (17.0.14+1) (build )
# Java VM: OpenJDK 64-Bit Server VM (17.0.14+1-b1367.22, mixed mode, sharing, tiered, compressed oops, compressed class ptrs, g1 gc, windows-amd64)
# No core dump will be written. Minidumps are not enabled by default on client versions of Windows
#

---------------  S U M M A R Y ------------

Command Line: --module-path=C:\Users\asmaa\.m2\repository\org\openjfx\javafx-base\21.0.2\javafx-base-21.0.2-win.jar;C:\Users\asmaa\.m2\repository\org\openjfx\javafx-base\21.0.2\javafx-base-21.0.2.jar;C:\Users\asmaa\.m2\repository\org\openjfx\javafx-controls\21.0.2\javafx-controls-21.0.2-win.jar;C:\Users\asmaa\.m2\repository\org\openjfx\javafx-controls\21.0.2\javafx-controls-21.0.2.jar;C:\Users\asmaa\.m2\repository\org\openjfx\javafx-fxml\21.0.2\javafx-fxml-21.0.2-win.jar;C:\Users\asmaa\.m2\repository\org\openjfx\javafx-fxml\21.0.2\javafx-fxml-21.0.2.jar;C:\Users\asmaa\.m2\repository\org\openjfx\javafx-graphics\21.0.2\javafx-graphics-21.0.2-win.jar;C:\Users\asmaa\.m2\repository\org\openjfx\javafx-graphics\21.0.2\javafx-graphics-21.0.2.jar --add-modules=javafx.base,javafx.controls,javafx.fxml,javafx.graphics tn.esprit.test.MainJavaFX

Host: 12th Gen Intel(R) Core(TM) i7-12700H, 20 cores, 23G,  Windows 11 , 64 bit Build 26100 (10.0.26100.7623)
Time: Thu Feb 12 22:40:37 2026 Afr. centrale Ouest elapsed time: 0.014214 seconds (0d 0h 0m 0s)

---------------  T H R E A D  ---------------

Current thread (0x00000143aef59ed0):  JavaThread "Unknown thread" [_thread_in_vm, id=27992, stack(0x0000003b2c300000,0x0000003b2c400000)]

Stack: [0x0000003b2c300000,0x0000003b2c400000]
Native frames: (J=compiled Java code, j=interpreted, Vv=VM code, C=native code)
V  [jvm.dll+0x68b969]  os::platform_print_native_stack+0xd9  (os_windows_x86.cpp:235)
V  [jvm.dll+0x84572a]  VMError::report+0xc6a  (vmError.cpp:868)
V  [jvm.dll+0x8473ae]  VMError::report_and_die+0x78e  (vmError.cpp:1766)
V  [jvm.dll+0x847a13]  VMError::report_and_die+0x43  (vmError.cpp:1552)
V  [jvm.dll+0x24a83f]  report_vm_out_of_memory+0x8f  (debug.cpp:321)
V  [jvm.dll+0x688629]  os::pd_commit_memory_or_exit+0xc9  (os_windows.cpp:3838)
V  [jvm.dll+0x67cf3a]  os::commit_memory_or_exit+0x2a  (os.cpp:1768)
V  [jvm.dll+0x30b83b]  G1PageBasedVirtualSpace::commit+0x19b  (g1PageBasedVirtualSpace.cpp:204)
V  [jvm.dll+0x312d26]  G1RegionsLargerThanCommitSizeMapper::commit_regions+0x96  (g1RegionToSpaceMapper.cpp:100)
V  [jvm.dll+0x3630fe]  HeapRegionManager::expand_any+0xee  (heapRegionManager.cpp:363)
V  [jvm.dll+0x36333f]  HeapRegionManager::expand_by+0x7f  (heapRegionManager.cpp:380)
V  [jvm.dll+0x2e18cc]  G1CollectedHeap::expand+0xbc  (g1CollectedHeap.cpp:1292)
V  [jvm.dll+0x2e2824]  G1CollectedHeap::initialize+0x664  (g1CollectedHeap.cpp:1713)
V  [jvm.dll+0x815ffb]  universe_init+0xbb  (universe.cpp:737)
V  [jvm.dll+0x370e88]  init_globals+0x48  (init.cpp:131)
V  [jvm.dll+0x7f4875]  Threads::create_vm+0x5e5  (thread.cpp:2909)
V  [jvm.dll+0x3f54ef]  JNI_CreateJavaVM_inner+0x8f  (jni.cpp:3654)
V  [jvm.dll+0x3f70c1]  (jni.cpp:3746)
C  [jli.dll+0x52ab]  JavaMain+0x113  (java.c:413)
C  [ucrtbase.dll+0x37b0]
C  [KERNEL32.DLL+0x2e8d7]
C  [ntdll.dll+0x8c53c]


---------------  P R O C E S S  ---------------

Threads class SMR info:
_java_thread_list=0x00007ffc8bad9018, length=0, elements={
}

Java Threads: ( => current thread )

Other Threads:
  0x00000143aefe58b0 GCTaskThread "GC Thread#0" [stack: 0x0000003b2c400000,0x0000003b2c500000] [id=21740]
  0x00000143aeff26e0 ConcurrentGCThread "G1 Main Marker" [stack: 0x0000003b2c500000,0x0000003b2c600000] [id=14472]
  0x00000143aeff4b20 ConcurrentGCThread "G1 Conc#0" [stack: 0x0000003b2c600000,0x0000003b2c700000] [id=21668]

[error occurred during error reporting (printing all threads), id 0xc0000005, EXCEPTION_ACCESS_VIOLATION (0xc0000005) at pc=0x00007ffc8b282197]

VM state: not at safepoint (not fully initialized)

VM Mutex/Monitor currently owned by a thread:  ([mutex/lock_event])
[0x00000143aef54c80] Heap_lock - owner thread: 0x00000143aef59ed0

Heap address: 0x0000000685000000, size: 6064 MB, Compressed Oops mode: Zero based, Oop shift amount: 3

CDS archive(s) mapped at: [0x0000000000000000-0x0000000000000000-0x0000000000000000), size 0, SharedBaseAddress: 0x0000000800000000, ArchiveRelocationMode: 1.
Narrow klass base: 0x0000000000000000, Narrow klass shift: 0, Narrow klass range: 0x0

GC Precious Log:
<Empty>

Heap:
 garbage-first heap   total 0K, used 0K [0x0000000685000000, 0x0000000800000000)
  region size 4096K, 0 young (0K), 0 survivors (0K)
 Metaspace       used 0K, committed 0K, reserved 0K
  class space    used 0K, committed 0K, reserved 0K

Heap Regions: E=young(eden), S=young(survivor), O=old, HS=humongous(starts), HC=humongous(continues), CS=collection set, F=free, OA=open archive, CA=closed archive, TAMS=top-at-mark-start (previous, next)

Card table byte_map: [0x00000143c2dd0000,0x00000143c39b0000] _byte_map_base: 0x00000143bf9a8000

Marking Bits (Prev, Next): (CMBitMap*) 0x00000143aefe5ed0, (CMBitMap*) 0x00000143aefe5f10
 Prev Bits: [0x00000143c4590000, 0x00000143ca450000)
 Next Bits: [0x00000143ca450000, 0x00000143d0310000)

GC Heap History (0 events):
No events

Dll operation events (1 events):
Event: 0.006 Loaded shared library C:\Users\asmaa\.jdks\jbr-17.0.14\bin\java.dll

Deoptimization events (0 events):
No events

Classes loaded (0 events):
No events

Classes unloaded (0 events):
No events

Classes redefined (0 events):
No events

Internal exceptions (0 events):
No events

VM Operations (0 events):
No events

Memory protections (0 events):
No events

Nmethod flushes (0 events):
No events

Events (0 events):
No events


Dynamic libraries:
0x00007ff71d6c0000 - 0x00007ff71d6ca000 	C:\Users\asmaa\.jdks\jbr-17.0.14\bin\java.exe
0x00007ffd40b40000 - 0x00007ffd40da7000 	C:\WINDOWS\SYSTEM32\ntdll.dll
0x00007ffd3f100000 - 0x00007ffd3f1c9000 	C:\WINDOWS\System32\KERNEL32.DLL
0x00007ffd3e180000 - 0x00007ffd3e56f000 	C:\WINDOWS\System32\KERNELBASE.dll
0x00007ffd3e030000 - 0x00007ffd3e17b000 	C:\WINDOWS\System32\ucrtbase.dll
0x00007ffd2a340000 - 0x00007ffd2a35b000 	C:\Users\asmaa\.jdks\jbr-17.0.14\bin\VCRUNTIME140.dll
0x00007ffd31d20000 - 0x00007ffd31d37000 	C:\Users\asmaa\.jdks\jbr-17.0.14\bin\jli.dll
0x00007ffd3ea40000 - 0x00007ffd3ec05000 	C:\WINDOWS\System32\USER32.dll
0x00007ffd1b350000 - 0x00007ffd1b5e3000 	C:\WINDOWS\WinSxS\amd64_microsoft.windows.common-controls_6595b64144ccf1df_6.0.26100.7309_none_3e05feeae336a044\COMCTL32.dll
0x00007ffd3e780000 - 0x00007ffd3e7a7000 	C:\WINDOWS\System32\win32u.dll
0x00007ffd403d0000 - 0x00007ffd40479000 	C:\WINDOWS\System32\msvcrt.dll
0x00007ffd3ea10000 - 0x00007ffd3ea3b000 	C:\WINDOWS\System32\GDI32.dll
0x00007ffd3e7b0000 - 0x00007ffd3e8dc000 	C:\WINDOWS\System32\gdi32full.dll
0x00007ffd3de10000 - 0x00007ffd3deb3000 	C:\WINDOWS\System32\msvcp_win.dll
0x00007ffd3fa10000 - 0x00007ffd3fa41000 	C:\WINDOWS\System32\IMM32.DLL
0x00007ffd31bf0000 - 0x00007ffd31bfc000 	C:\Users\asmaa\.jdks\jbr-17.0.14\bin\vcruntime140_1.dll
0x00007ffd16770000 - 0x00007ffd167fd000 	C:\Users\asmaa\.jdks\jbr-17.0.14\bin\msvcp140.dll
0x00007ffc8af90000 - 0x00007ffc8bc1e000 	C:\Users\asmaa\.jdks\jbr-17.0.14\bin\server\jvm.dll
0x00007ffd3fa50000 - 0x00007ffd3fb04000 	C:\WINDOWS\System32\ADVAPI32.dll
0x00007ffd3e960000 - 0x00007ffd3ea06000 	C:\WINDOWS\System32\sechost.dll
0x00007ffd40910000 - 0x00007ffd40a28000 	C:\WINDOWS\System32\RPCRT4.dll
0x00007ffd3e8e0000 - 0x00007ffd3e954000 	C:\WINDOWS\System32\WS2_32.dll
0x00007ffd3daf0000 - 0x00007ffd3db4e000 	C:\WINDOWS\SYSTEM32\POWRPROF.dll
0x00007ffd322f0000 - 0x00007ffd32325000 	C:\WINDOWS\SYSTEM32\WINMM.dll
0x00007ffd2ae00000 - 0x00007ffd2ae0b000 	C:\WINDOWS\SYSTEM32\VERSION.dll
0x00007ffd3dad0000 - 0x00007ffd3dae4000 	C:\WINDOWS\SYSTEM32\UMPDC.dll
0x00007ffd3ca40000 - 0x00007ffd3ca5b000 	C:\WINDOWS\SYSTEM32\kernel.appcore.dll
0x00007ffd2ba10000 - 0x00007ffd2ba1a000 	C:\Users\asmaa\.jdks\jbr-17.0.14\bin\jimage.dll
0x00007ffd3b290000 - 0x00007ffd3b4d2000 	C:\WINDOWS\SYSTEM32\DBGHELP.DLL
0x00007ffd3fe30000 - 0x00007ffd401b6000 	C:\WINDOWS\System32\combase.dll
0x00007ffd3fc80000 - 0x00007ffd3fd56000 	C:\WINDOWS\System32\OLEAUT32.dll
0x00007ffd2a2d0000 - 0x00007ffd2a30c000 	C:\WINDOWS\SYSTEM32\dbgcore.DLL
0x00007ffd3dec0000 - 0x00007ffd3df65000 	C:\WINDOWS\System32\bcryptPrimitives.dll
0x00007ffd289a0000 - 0x00007ffd289c5000 	C:\Users\asmaa\.jdks\jbr-17.0.14\bin\java.dll

dbghelp: loaded successfully - version: 4.0.5 - missing functions: none
symbol engine: initialized successfully - sym options: 0x614 - pdb path: .;C:\Users\asmaa\.jdks\jbr-17.0.14\bin;C:\WINDOWS\SYSTEM32;C:\WINDOWS\WinSxS\amd64_microsoft.windows.common-controls_6595b64144ccf1df_6.0.26100.7309_none_3e05feeae336a044;C:\Users\asmaa\.jdks\jbr-17.0.14\bin\server

VM Arguments:
jvm_args: --module-path=C:\Users\asmaa\.m2\repository\org\openjfx\javafx-base\21.0.2\javafx-base-21.0.2-win.jar;C:\Users\asmaa\.m2\repository\org\openjfx\javafx-base\21.0.2\javafx-base-21.0.2.jar;C:\Users\asmaa\.m2\repository\org\openjfx\javafx-controls\21.0.2\javafx-controls-21.0.2-win.jar;C:\Users\asmaa\.m2\repository\org\openjfx\javafx-controls\21.0.2\javafx-controls-21.0.2.jar;C:\Users\asmaa\.m2\repository\org\openjfx\javafx-fxml\21.0.2\javafx-fxml-21.0.2-win.jar;C:\Users\asmaa\.m2\repository\org\openjfx\javafx-fxml\21.0.2\javafx-fxml-21.0.2.jar;C:\Users\asmaa\.m2\repository\org\openjfx\javafx-graphics\21.0.2\javafx-graphics-21.0.2-win.jar;C:\Users\asmaa\.m2\repository\org\openjfx\javafx-graphics\21.0.2\javafx-graphics-21.0.2.jar --add-modules=javafx.base,javafx.controls,javafx.fxml,javafx.graphics 
java_command: tn.esprit.test.MainJavaFX
java_class_path (initial): C:\Users\asmaa\IdeaProjects\PortefeuilleIntelligent\target\classes;C:\Users\asmaa\.m2\repository\com\google\protobuf\protobuf-java\3.11.4\protobuf-java-3.11.4.jar;C:\Users\asmaa\.m2\repository\mysql\mysql-connector-java\8.0.28\mysql-connector-java-8.0.28.jar
Launcher Type: SUN_STANDARD

[Global flags]
     intx CICompilerCount                          = 12                                        {product} {ergonomic}
     uint ConcGCThreads                            = 4                                         {product} {ergonomic}
     uint G1ConcRefinementThreads                  = 15                                        {product} {ergonomic}
   size_t G1HeapRegionSize                         = 4194304                                   {product} {ergonomic}
    uintx GCDrainStackTargetSize                   = 64                                        {product} {ergonomic}
   size_t InitialHeapSize                          = 398458880                                 {product} {ergonomic}
   size_t MarkStackSize                            = 4194304                                   {product} {ergonomic}
   size_t MaxHeapSize                              = 6358564864                                {product} {ergonomic}
   size_t MinHeapDeltaBytes                        = 4194304                                   {product} {ergonomic}
   size_t MinHeapSize                              = 8388608                                   {product} {ergonomic}
    uintx NonNMethodCodeHeapSize                   = 7602480                                {pd product} {ergonomic}
    uintx NonProfiledCodeHeapSize                  = 122027880                              {pd product} {ergonomic}
    uintx ProfiledCodeHeapSize                     = 122027880                              {pd product} {ergonomic}
    uintx ReservedCodeCacheSize                    = 251658240                              {pd product} {ergonomic}
     bool SegmentedCodeCache                       = true                                      {product} {ergonomic}
   size_t SoftMaxHeapSize                          = 6358564864                             {manageable} {ergonomic}
     bool UseCompressedClassPointers               = true                           {product lp64_product} {ergonomic}
     bool UseCompressedOops                        = true                           {product lp64_product} {ergonomic}
     bool UseG1GC                                  = true                                      {product} {ergonomic}
     bool UseLargePagesIndividualAllocation        = false                                  {pd product} {ergonomic}

Logging:
Log output configuration:
 #0: stdout all=warning uptime,level,tags
 #1: stderr all=off uptime,level,tags

Environment Variables:
JAVA_HOME=C:\Users\asmaa\.jdks\jbr-17.0.14
PATH=C:\Program Files (x86)\VMware\VMware Workstation\bin\;C:\oraclexe\app\oracle\product\11.2.0\server\bin;;C:\Program Files\Common Files\Oracle\Java\javapath;C:\windows\system32;C:\windows;C:\windows\System32\Wbem;C:\windows\System32\WindowsPowerShell\v1.0\;C:\windows\System32\OpenSSH\;C:\Program Files (x86)\NVIDIA Corporation\PhysX\Common;C:\Program Files\NVIDIA Corporation\NVIDIA NvDLISR;C:\instantClient12_2;C:\oraclexe\app\oracle\admin\XE;C:\oraclexe;C:\Program Files\Git\cmd;C:\WINDOWS\system32;C:\WINDOWS;C:\WINDOWS\System32\Wbem;C:\WINDOWS\System32\WindowsPowerShell\v1.0\;C:\WINDOWS\System32\OpenSSH\;C:\ProgramData\ComposerSetup\bin;C:\Users\asmaa\scoop\shims;C:\Users\asmaa\AppData\Local\Microsoft\WindowsApps;C:\Users\asmaa\AppData\Local\Programs\Microsoft VS Code\bin;C:\Users\asmaa\AppData\Local\GitHubDesktop\bin;C:\xampp\php;C:\Users\asmaa\AppData\Local\ComposerSetup\bin;C:\Users\asmaa\AppData\Roaming\Composer\vendor\bin;C:\ProgramData\ComposerSetup\bin;C:\Users\asmaa\AppData\Local\Programs\IntelliJ IDEA 2025.2.1\bin;C:\Program Files\JetBrains\PhpStorm 2025.2.3\bin;C:\Users\asmaa\AppData\Local\Programs\Antigravity\bin
USERNAME=asmaa
OS=Windows_NT
PROCESSOR_IDENTIFIER=Intel64 Family 6 Model 154 Stepping 3, GenuineIntel
TMP=C:\Users\asmaa\AppData\Local\Temp
TEMP=C:\Users\asmaa\AppData\Local\Temp



Periodic native trim disabled

JNI global refs:
JNI global refs: 0, weak refs: 0

JNI global refs memory usage: 0, weak refs: 0

Process memory usage:
Resident Set Size: 49476K (0% of 24825684K total physical memory with 4497404K free physical memory)

OOME stack traces (most recent first):
Classloader memory used:


---------------  S Y S T E M  ---------------

OS:
 Windows 11 , 64 bit Build 26100 (10.0.26100.7623)
OS uptime: 12 days 1:58 hours
Hyper-V role detected

CPU: total 20 (initial active 20) (10 cores per cpu, 2 threads per core) family 6 model 154 stepping 3 microcode 0x434, cx8, cmov, fxsr, ht, mmx, 3dnowpref, sse, sse2, sse3, ssse3, sse4.1, sse4.2, popcnt, lzcnt, tsc, tscinvbit, avx, avx2, aes, erms, clmul, bmi1, bmi2, adx, sha, fma, vzeroupper, clflush, clflushopt, clwb, hv
Processor Information for processor 0
  Max Mhz: 2300, Current Mhz: 2300, Mhz Limit: 2300
Processor Information for processor 1
  Max Mhz: 2300, Current Mhz: 2300, Mhz Limit: 2300
Processor Information for processor 2
  Max Mhz: 2300, Current Mhz: 2300, Mhz Limit: 2300
Processor Information for processor 3
  Max Mhz: 2300, Current Mhz: 2300, Mhz Limit: 2300
Processor Information for processor 4
  Max Mhz: 2300, Current Mhz: 2300, Mhz Limit: 2300
Processor Information for processor 5
  Max Mhz: 2300, Current Mhz: 2300, Mhz Limit: 2300
Processor Information for processor 6
  Max Mhz: 2300, Current Mhz: 2300, Mhz Limit: 2300
Processor Information for processor 7
  Max Mhz: 2300, Current Mhz: 2300, Mhz Limit: 2300
Processor Information for processor 8
  Max Mhz: 2300, Current Mhz: 2300, Mhz Limit: 2300
Processor Information for processor 9
  Max Mhz: 2300, Current Mhz: 2300, Mhz Limit: 2300
Processor Information for processor 10
  Max Mhz: 2300, Current Mhz: 2300, Mhz Limit: 2300
Processor Information for processor 11
  Max Mhz: 2300, Current Mhz: 2300, Mhz Limit: 2300
Processor Information for processor 12
  Max Mhz: 2300, Current Mhz: 2300, Mhz Limit: 2300
Processor Information for processor 13
  Max Mhz: 2300, Current Mhz: 2300, Mhz Limit: 2300
Processor Information for processor 14
  Max Mhz: 2300, Current Mhz: 1488, Mhz Limit: 2300
Processor Information for processor 15
  Max Mhz: 2300, Current Mhz: 2300, Mhz Limit: 2300
Processor Information for processor 16
  Max Mhz: 2300, Current Mhz: 2300, Mhz Limit: 2300
Processor Information for processor 17
  Max Mhz: 2300, Current Mhz: 1488, Mhz Limit: 2300
Processor Information for processor 18
  Max Mhz: 2300, Current Mhz: 2300, Mhz Limit: 2300
Processor Information for processor 19
  Max Mhz: 2300, Current Mhz: 2300, Mhz Limit: 2300

Memory: 4k page, system-wide physical 24243M (4391M free)
TotalPageFile size 28194M (AvailPageFile size 3M)
current process WorkingSet (physical memory assigned to process): 48M, peak: 48M
current process commit charge ("private bytes"): 110M, peak: 455M

vm_info: OpenJDK 64-Bit Server VM (17.0.14+1-b1367.22) for windows-amd64 JRE (17.0.14+1-b1367.22), built on 2025-01-30 by "builduser" with MS VC++ 16.10 / 16.11 (VS2019)

END.
